<?xml version="1.0" encoding="UTF-8"?>
<testsuite xmlns:xsi="http://www.w3.org/2001/XMLSchema-instance" xsi:noNamespaceSchemaLocation="https://maven.apache.org/surefire/maven-surefire-plugin/xsd/surefire-test-report-3.0.xsd" version="3.0" name="com.softwareinstitute.jones.maria.minesweeper.tests.BoardTest" time="0.089" tests="1" errors="0" skipped="0" failures="0">
  <properties>
[...]
</properties>
  <testcase name="set_mines_test" classname="com.softwareinstitute.jones.maria.minesweeper.tests.BoardTest" time="0.062">
    <system-out><![CDATA[X X X X X X X X X X 
X X X X X X X X X X 
X X X X X X X X X X 
X X X X X X X X X X 
X X X X X X X X X X 
X X X X X X X X X X 
X X X X X X X X X X 
X X X X X X X X X X 
X X X X X X X X X X 
X X X X X X X X X X 
]]></system-out>
  </testcase>
</testsuite>